mode: atomic
github.com/redhat-appstudio/sprayproxy/pkg/metrics/metrics.go:36.49,39.35 3 4
github.com/redhat-appstudio/sprayproxy/pkg/metrics/metrics.go:39.35,41.3 1 0
github.com/redhat-appstudio/sprayproxy/pkg/metrics/metrics.go:42.2,43.21 2 4
github.com/redhat-appstudio/sprayproxy/pkg/metrics/metrics.go:43.21,46.3 2 2
github.com/redhat-appstudio/sprayproxy/pkg/metrics/metrics.go:47.2,47.43 1 2
github.com/redhat-appstudio/sprayproxy/pkg/metrics/metrics.go:50.45,71.2 4 4
github.com/redhat-appstudio/sprayproxy/pkg/metrics/metrics.go:73.24,74.28 1 6
github.com/redhat-appstudio/sprayproxy/pkg/metrics/metrics.go:74.28,76.3 1 6
github.com/redhat-appstudio/sprayproxy/pkg/metrics/metrics.go:79.49,80.30 1 4
github.com/redhat-appstudio/sprayproxy/pkg/metrics/metrics.go:80.30,81.19 1 4
github.com/redhat-appstudio/sprayproxy/pkg/metrics/metrics.go:81.19,83.4 1 4
github.com/redhat-appstudio/sprayproxy/pkg/metrics/metrics.go:84.3,84.91 1 4
github.com/redhat-appstudio/sprayproxy/pkg/metrics/metrics.go:88.48,89.26 1 1
github.com/redhat-appstudio/sprayproxy/pkg/metrics/metrics.go:89.26,91.3 1 1
github.com/redhat-appstudio/sprayproxy/pkg/metrics/server.go:22.80,23.15 1 3
github.com/redhat-appstudio/sprayproxy/pkg/metrics/server.go:23.15,25.3 1 0
github.com/redhat-appstudio/sprayproxy/pkg/metrics/server.go:27.2,41.16 5 3
github.com/redhat-appstudio/sprayproxy/pkg/metrics/server.go:45.38,48.44 3 0
github.com/redhat-appstudio/sprayproxy/pkg/metrics/server.go:48.44,50.3 1 0
github.com/redhat-appstudio/sprayproxy/pkg/metrics/server.go:54.59,55.12 1 3
github.com/redhat-appstudio/sprayproxy/pkg/metrics/server.go:55.12,57.47 2 3
github.com/redhat-appstudio/sprayproxy/pkg/metrics/server.go:57.47,59.4 1 3
github.com/redhat-appstudio/sprayproxy/pkg/metrics/server.go:59.9,61.4 1 0
github.com/redhat-appstudio/sprayproxy/pkg/metrics/server.go:62.3,62.48 1 3
github.com/redhat-appstudio/sprayproxy/pkg/metrics/server.go:62.48,64.4 1 0
github.com/redhat-appstudio/sprayproxy/pkg/metrics/server.go:66.2,67.38 2 3
github.com/redhat-appstudio/sprayproxy/pkg/metrics/server.go:67.38,69.3 1 0
github.com/redhat-appstudio/sprayproxy/pkg/apis/proxy/proxy.go:44.147,47.22 2 15
github.com/redhat-appstudio/sprayproxy/pkg/apis/proxy/proxy.go:47.22,48.58 1 2
github.com/redhat-appstudio/sprayproxy/pkg/apis/proxy/proxy.go:48.58,52.4 2 1
github.com/redhat-appstudio/sprayproxy/pkg/apis/proxy/proxy.go:52.9,54.4 1 1
github.com/redhat-appstudio/sprayproxy/pkg/apis/proxy/proxy.go:58.2,59.105 2 14
github.com/redhat-appstudio/sprayproxy/pkg/apis/proxy/proxy.go:59.105,61.3 1 1
github.com/redhat-appstudio/sprayproxy/pkg/apis/proxy/proxy.go:62.2,66.98 3 14
github.com/redhat-appstudio/sprayproxy/pkg/apis/proxy/proxy.go:66.98,68.3 1 1
github.com/redhat-appstudio/sprayproxy/pkg/apis/proxy/proxy.go:69.2,80.8 2 14
github.com/redhat-appstudio/sprayproxy/pkg/apis/proxy/proxy.go:83.50,85.2 1 5
github.com/redhat-appstudio/sprayproxy/pkg/apis/proxy/proxy.go:87.58,92.2 2 2
github.com/redhat-appstudio/sprayproxy/pkg/apis/proxy/proxy.go:94.42,96.31 2 0
github.com/redhat-appstudio/sprayproxy/pkg/apis/proxy/proxy.go:96.31,98.3 1 0
github.com/redhat-appstudio/sprayproxy/pkg/apis/proxy/proxy.go:99.2,99.17 1 0
github.com/redhat-appstudio/sprayproxy/pkg/apis/proxy/proxy.go:104.51,106.2 1 0
github.com/redhat-appstudio/sprayproxy/pkg/apis/proxy/proxy.go:109.55,128.16 8 7
github.com/redhat-appstudio/sprayproxy/pkg/apis/proxy/proxy.go:128.16,132.3 3 1
github.com/redhat-appstudio/sprayproxy/pkg/apis/proxy/proxy.go:133.2,136.24 2 6
github.com/redhat-appstudio/sprayproxy/pkg/apis/proxy/proxy.go:136.24,139.78 2 0
github.com/redhat-appstudio/sprayproxy/pkg/apis/proxy/proxy.go:139.78,144.4 3 0
github.com/redhat-appstudio/sprayproxy/pkg/apis/proxy/proxy.go:147.2,151.19 2 6
github.com/redhat-appstudio/sprayproxy/pkg/apis/proxy/proxy.go:151.19,157.3 1 0
github.com/redhat-appstudio/sprayproxy/pkg/apis/proxy/proxy.go:159.2,159.37 1 6
github.com/redhat-appstudio/sprayproxy/pkg/apis/proxy/proxy.go:159.37,162.17 3 4
github.com/redhat-appstudio/sprayproxy/pkg/apis/proxy/proxy.go:162.17,164.12 2 0
github.com/redhat-appstudio/sprayproxy/pkg/apis/proxy/proxy.go:166.3,175.17 7 4
github.com/redhat-appstudio/sprayproxy/pkg/apis/proxy/proxy.go:175.17,178.12 3 0
github.com/redhat-appstudio/sprayproxy/pkg/apis/proxy/proxy.go:180.3,188.17 6 4
github.com/redhat-appstudio/sprayproxy/pkg/apis/proxy/proxy.go:188.17,193.12 5 0
github.com/redhat-appstudio/sprayproxy/pkg/apis/proxy/proxy.go:195.3,198.29 4 4
github.com/redhat-appstudio/sprayproxy/pkg/apis/proxy/proxy.go:198.29,201.18 3 0
github.com/redhat-appstudio/sprayproxy/pkg/apis/proxy/proxy.go:201.18,203.5 1 0
github.com/redhat-appstudio/sprayproxy/pkg/apis/proxy/proxy.go:203.10,205.5 1 0
github.com/redhat-appstudio/sprayproxy/pkg/apis/proxy/proxy.go:207.3,208.59 2 4
github.com/redhat-appstudio/sprayproxy/pkg/apis/proxy/proxy.go:229.2,229.21 1 6
github.com/redhat-appstudio/sprayproxy/pkg/apis/proxy/proxy.go:229.21,233.3 2 0
github.com/redhat-appstudio/sprayproxy/pkg/apis/proxy/proxy.go:234.2,234.36 1 6
github.com/redhat-appstudio/sprayproxy/pkg/apis/proxy/proxy.go:238.76,242.2 3 0
github.com/redhat-appstudio/sprayproxy/pkg/apis/proxy/register.go:14.50,16.34 2 1
github.com/redhat-appstudio/sprayproxy/pkg/apis/proxy/register.go:16.34,18.3 1 1
github.com/redhat-appstudio/sprayproxy/pkg/apis/proxy/register.go:19.2,20.55 2 1
github.com/redhat-appstudio/sprayproxy/pkg/apis/proxy/register.go:24.54,32.50 3 5
github.com/redhat-appstudio/sprayproxy/pkg/apis/proxy/register.go:32.50,36.3 3 1
github.com/redhat-appstudio/sprayproxy/pkg/apis/proxy/register.go:37.2,38.42 2 4
github.com/redhat-appstudio/sprayproxy/pkg/apis/proxy/register.go:38.42,39.24 1 2
github.com/redhat-appstudio/sprayproxy/pkg/apis/proxy/register.go:39.24,41.4 1 0
github.com/redhat-appstudio/sprayproxy/pkg/apis/proxy/register.go:42.3,45.9 4 2
github.com/redhat-appstudio/sprayproxy/pkg/apis/proxy/register.go:47.2,48.64 2 2
github.com/redhat-appstudio/sprayproxy/pkg/apis/proxy/register.go:53.56,61.57 3 3
github.com/redhat-appstudio/sprayproxy/pkg/apis/proxy/register.go:61.57,65.3 3 1
github.com/redhat-appstudio/sprayproxy/pkg/apis/proxy/register.go:66.2,67.49 2 2
github.com/redhat-appstudio/sprayproxy/pkg/apis/proxy/register.go:67.49,71.3 3 1
github.com/redhat-appstudio/sprayproxy/pkg/apis/proxy/register.go:72.2,74.58 3 1
github.com/redhat-appstudio/sprayproxy/pkg/apis/proxy/spraywriter.go:15.36,21.2 1 1
github.com/redhat-appstudio/sprayproxy/pkg/apis/proxy/spraywriter.go:23.44,25.2 1 0
github.com/redhat-appstudio/sprayproxy/pkg/apis/proxy/spraywriter.go:27.55,28.32 1 1
github.com/redhat-appstudio/sprayproxy/pkg/apis/proxy/spraywriter.go:28.32,30.3 1 1
github.com/redhat-appstudio/sprayproxy/pkg/apis/proxy/spraywriter.go:31.2,31.23 1 1
github.com/redhat-appstudio/sprayproxy/pkg/apis/proxy/spraywriter.go:34.51,36.2 1 1
github.com/redhat-appstudio/sprayproxy/pkg/apis/proxy/validate.go:16.71,18.71 1 4
github.com/redhat-appstudio/sprayproxy/pkg/apis/proxy/validate.go:18.71,20.3 1 3
github.com/redhat-appstudio/sprayproxy/pkg/apis/proxy/validate.go:21.2,21.12 1 1
github.com/redhat-appstudio/sprayproxy/pkg/server/request_id_mw.go:16.37,17.30 1 10
github.com/redhat-appstudio/sprayproxy/pkg/server/request_id_mw.go:17.30,20.3 2 11
github.com/redhat-appstudio/sprayproxy/pkg/server/server.go:33.13,35.2 1 1
github.com/redhat-appstudio/sprayproxy/pkg/server/server.go:37.36,39.2 1 0
github.com/redhat-appstudio/sprayproxy/pkg/server/server.go:41.166,43.16 2 10
github.com/redhat-appstudio/sprayproxy/pkg/server/server.go:43.16,45.3 1 0
github.com/redhat-appstudio/sprayproxy/pkg/server/server.go:47.2,58.59 6 10
github.com/redhat-appstudio/sprayproxy/pkg/server/server.go:58.59,62.4 1 11
github.com/redhat-appstudio/sprayproxy/pkg/server/server.go:64.2,69.27 6 10
github.com/redhat-appstudio/sprayproxy/pkg/server/server.go:69.27,73.3 3 3
github.com/redhat-appstudio/sprayproxy/pkg/server/server.go:74.2,80.8 2 10
github.com/redhat-appstudio/sprayproxy/pkg/server/server.go:84.56,88.37 4 1
github.com/redhat-appstudio/sprayproxy/pkg/server/server.go:88.37,90.3 1 0
github.com/redhat-appstudio/sprayproxy/pkg/server/server.go:91.2,97.12 3 1
github.com/redhat-appstudio/sprayproxy/pkg/server/server.go:97.12,98.77 1 1
github.com/redhat-appstudio/sprayproxy/pkg/server/server.go:98.77,100.4 1 0
github.com/redhat-appstudio/sprayproxy/pkg/server/server.go:102.2,110.42 5 1
github.com/redhat-appstudio/sprayproxy/pkg/server/server.go:110.42,112.3 1 0
github.com/redhat-appstudio/sprayproxy/pkg/server/server.go:116.51,118.2 1 11
github.com/redhat-appstudio/sprayproxy/pkg/server/server.go:120.36,122.2 1 3
